


ARM Macro Assembler    Page 1 


    1 00000000 400FE108 
                       SYSCTL_PERIPH_GPIO
                               EQU              0x400FE108  ; Adresse du regist
                                                            re des ports ABCDEF
                                                            
    2 00000000         
    3 00000000 40025000 
                       GPIO_PORTF_BASE
                               EQU              0x40025000  ; GPIO Port F (APB)
                                                             base: 0x4002.5000 
                                                            (p416 datasheet de 
                                                            lm3s9B92.pdf)
    4 00000000         
    5 00000000         ; configure the corresponding pin to be an output
    6 00000000         ; all GPIO pins are inputs by default
    7 00000000 00000400 
                       GPIO_O_DIR
                               EQU              0x00000400  ; GPIO Direction (p
                                                            417 datasheet de lm
                                                            3s9B92.pdf)
    8 00000000         
    9 00000000         ; The GPIODR2R register is the 2-mA drive control regist
                       er
   10 00000000         ; By default, all GPIO pins have 2-mA drive.
   11 00000000 00000500 
                       GPIO_O_DR2R
                               EQU              0x00000500  ; GPIO 2-mA Drive S
                                                            elect (p428 datashe
                                                            et de lm3s9B92.pdf)
                                                            
   12 00000000         
   13 00000000         ; Digital enable register
   14 00000000         ; To use the pin as a digital input or output, the corre
                       sponding GPIODEN bit must be set.
   15 00000000 0000051C 
                       GPIO_O_DEN
                               EQU              0x0000051C  ; GPIO Digital Enab
                                                            le (p437 datasheet 
                                                            de lm3s9B92.pdf)
   16 00000000         
   17 00000000 00000010 
                       BROCHE4 EQU              0x10        ; led1 sur broche 4
                                                            
   18 00000000 00000020 
                       BROCHE5 EQU              0x20        ; led2 sur broche 5
                                                            
   19 00000000         
   20 00000000         
   21 00000000                 AREA             |.text|, CODE, READONLY
   22 00000000                 ENTRY
   23 00000000         
   24 00000000         ;; The EXPORT command specifies that a symbol can be acc
                       essed by other shared objects or executables.
   25 00000000                 EXPORT           LED_INIT
   26 00000000                 EXPORT           LED_DROITE_ON
   27 00000000                 EXPORT           LED_DROITE_OFF
   28 00000000                 EXPORT           LED_GAUCHE_ON
   29 00000000                 EXPORT           LED_GAUCHE_OFF
   30 00000000         



ARM Macro Assembler    Page 2 


   31 00000000         LED_INIT
   32 00000000         ; Alimentation du port F
   33 00000000 4E1F            ldr              r6, = SYSCTL_PERIPH_GPIO 
                                                            ; RCGC2
   34 00000002 6830            ldr              r0, [R6]
   35 00000004 F040 0020       ORR              r0, r0, #0x20 ; Correspond au p
                                                            ort F dans le regis
                                                            tre
   36 00000008 6030            str              r0, [r6]
   37 0000000A         
   38 0000000A BF00            nop                          ; Attend les 3 tick
                                                            s avant de pouvoir 
                                                            utiliser le port
   39 0000000C BF00            nop
   40 0000000E BF00            nop
   41 00000010         
   42 00000010         ; Configuration des broches sur sortie
   43 00000010 4E1C            ldr              r6, = GPIO_PORTF_BASE+GPIO_O_DI
R 
                                                            ; 1 Pin du portF en
                                                             sortie (broche 4 :
                                                             00010000)
   44 00000012 6830            ldr              r0, [r6]
   45 00000014 F040 0010       ORR              r0, r0, #BROCHE4
   46 00000018 6030            str              r0, [r6]
   47 0000001A         
   48 0000001A 4E1A            ldr              r6, = GPIO_PORTF_BASE+GPIO_O_DI
R 
                                                            ; 1 Pin du portF en
                                                             sortie (broche 5 :
                                                             00100000)
   49 0000001C 6830            ldr              r0, [r6]
   50 0000001E F040 0020       ORR              r0, r0, #BROCHE5
   51 00000022 6030            str              r0, [r6]
   52 00000024         
   53 00000024         ; Activation des fonctions numérique
   54 00000024 4E18            ldr              r6, = GPIO_PORTF_BASE+GPIO_O_DE
N
   55 00000026 6830            ldr              r0, [r6]
   56 00000028 F040 0010       ORR              r0, r0, #BROCHE4
   57 0000002C 6030            str              r0, [r6]
   58 0000002E         
   59 0000002E 4E16            ldr              r6, = GPIO_PORTF_BASE+GPIO_O_DE
N
   60 00000030 6830            ldr              r0, [r6]
   61 00000032 F040 0020       ORR              r0, r0, #BROCHE5
   62 00000036 6030            str              r0, [r6]
   63 00000038         
   64 00000038         ; Choix de l'intensité de sortie (2mA)
   65 00000038 4E14            ldr              r6, = GPIO_PORTF_BASE+GPIO_O_DR
2R
   66 0000003A 6830            ldr              r0, [r6]
   67 0000003C F040 0010       ORR              r0, r0, #BROCHE4
   68 00000040 6030            str              r0, [r6]
   69 00000042         
   70 00000042 4E12            ldr              r6, = GPIO_PORTF_BASE+GPIO_O_DR
2R
   71 00000044 6830            ldr              r0, [r6]
   72 00000046 F040 0020       ORR              r0, r0, #BROCHE5



ARM Macro Assembler    Page 3 


   73 0000004A 6030            str              r0, [r6]
   74 0000004C         
   75 0000004C 4770            BX               LR
   76 0000004E         
   77 0000004E         LED_DROITE_ON
   78 0000004E 4E10            ldr              r6, = GPIO_PORTF_BASE + (BROCHE
4<<2) 
                                                            ; @data Register = 
                                                            @base + (mask<<2)
   79 00000050 6830            ldr              r0, [r6]
   80 00000052 F040 0010       ORR              r0, r0, #BROCHE4
   81 00000056 6030            str              r0, [r6]
   82 00000058 4770            BX               LR
   83 0000005A         
   84 0000005A         LED_DROITE_OFF
   85 0000005A 4E0D            ldr              r6, = GPIO_PORTF_BASE + (BROCHE
4<<2) 
                                                            ; @data Register = 
                                                            @base + (mask<<2)
   86 0000005C 6830            ldr              r0, [r6]
   87 0000005E F020 0010       bic              r0, r0, #BROCHE4
   88 00000062 6030            str              r0, [r6]
   89 00000064 4770            BX               LR
   90 00000066         
   91 00000066         LED_GAUCHE_ON
   92 00000066 4E0B            ldr              r6, = GPIO_PORTF_BASE + (BROCHE
5<<2) 
                                                            ; @data Register = 
                                                            @base + (mask<<2)
   93 00000068 6830            ldr              r0, [r6]
   94 0000006A F040 0020       ORR              r0, r0, #BROCHE5
   95 0000006E 6030            STR              r0, [r6]
   96 00000070 4770            BX               LR
   97 00000072         
   98 00000072         LED_GAUCHE_OFF
   99 00000072 4E08            ldr              r6, = GPIO_PORTF_BASE + (BROCHE
5<<2) 
                                                            ; @data Register = 
                                                            @base + (mask<<2)
  100 00000074 6830            ldr              r0, [r6]
  101 00000076 F020 0020       bic              r0, r0, #BROCHE5
  102 0000007A 6030            str              r0, [r6]
  103 0000007C 4770            BX               LR
  104 0000007E         
  105 0000007E                 END
              00 00 400FE108 
              40025400 
              4002551C 
              40025500 
              40025040 
              40025080 
Command Line: --debug --xref --diag_suppress=9931 --cpu=Cortex-M3 --apcs=interw
ork --depend=.\objects\led_config.d -o.\objects\led_config.o -I.\RTE\_Target_1 
-IC:\Users\loicd\AppData\Local\Arm\Packs\ARM\CMSIS\5.9.0\CMSIS\Core\Include -IC
:\Users\loicd\AppData\Local\Arm\Packs\ARM\CMSIS\5.9.0\Device\ARM\ARMCM3\Include
 --predefine="__MICROLIB SETA 1" --predefine="__UVISION_VERSION SETA 528" --pre
define="_RTE_ SETA 1" --predefine="ARMCM3 SETA 1" --list=.\listings\led_config.
lst Programs\led_config.s



ARM Macro Assembler    Page 1 Alphabetic symbol ordering
Relocatable symbols

.text 00000000

Symbol: .text
   Definitions
      At line 21 in file Programs\led_config.s
   Uses
      None
Comment: .text unused
LED_DROITE_OFF 0000005A

Symbol: LED_DROITE_OFF
   Definitions
      At line 84 in file Programs\led_config.s
   Uses
      At line 27 in file Programs\led_config.s
Comment: LED_DROITE_OFF used once
LED_DROITE_ON 0000004E

Symbol: LED_DROITE_ON
   Definitions
      At line 77 in file Programs\led_config.s
   Uses
      At line 26 in file Programs\led_config.s
Comment: LED_DROITE_ON used once
LED_GAUCHE_OFF 00000072

Symbol: LED_GAUCHE_OFF
   Definitions
      At line 98 in file Programs\led_config.s
   Uses
      At line 29 in file Programs\led_config.s
Comment: LED_GAUCHE_OFF used once
LED_GAUCHE_ON 00000066

Symbol: LED_GAUCHE_ON
   Definitions
      At line 91 in file Programs\led_config.s
   Uses
      At line 28 in file Programs\led_config.s
Comment: LED_GAUCHE_ON used once
LED_INIT 00000000

Symbol: LED_INIT
   Definitions
      At line 31 in file Programs\led_config.s
   Uses
      At line 25 in file Programs\led_config.s
Comment: LED_INIT used once
6 symbols



ARM Macro Assembler    Page 1 Alphabetic symbol ordering
Absolute symbols

BROCHE4 00000010

Symbol: BROCHE4
   Definitions
      At line 17 in file Programs\led_config.s
   Uses
      At line 45 in file Programs\led_config.s
      At line 56 in file Programs\led_config.s
      At line 67 in file Programs\led_config.s
      At line 78 in file Programs\led_config.s
      At line 80 in file Programs\led_config.s
      At line 85 in file Programs\led_config.s
      At line 87 in file Programs\led_config.s

BROCHE5 00000020

Symbol: BROCHE5
   Definitions
      At line 18 in file Programs\led_config.s
   Uses
      At line 50 in file Programs\led_config.s
      At line 61 in file Programs\led_config.s
      At line 72 in file Programs\led_config.s
      At line 92 in file Programs\led_config.s
      At line 94 in file Programs\led_config.s
      At line 99 in file Programs\led_config.s
      At line 101 in file Programs\led_config.s

GPIO_O_DEN 0000051C

Symbol: GPIO_O_DEN
   Definitions
      At line 15 in file Programs\led_config.s
   Uses
      At line 54 in file Programs\led_config.s
      At line 59 in file Programs\led_config.s

GPIO_O_DIR 00000400

Symbol: GPIO_O_DIR
   Definitions
      At line 7 in file Programs\led_config.s
   Uses
      At line 43 in file Programs\led_config.s
      At line 48 in file Programs\led_config.s

GPIO_O_DR2R 00000500

Symbol: GPIO_O_DR2R
   Definitions
      At line 11 in file Programs\led_config.s
   Uses
      At line 65 in file Programs\led_config.s
      At line 70 in file Programs\led_config.s

GPIO_PORTF_BASE 40025000

Symbol: GPIO_PORTF_BASE
   Definitions



ARM Macro Assembler    Page 2 Alphabetic symbol ordering
Absolute symbols

      At line 3 in file Programs\led_config.s
   Uses
      At line 43 in file Programs\led_config.s
      At line 48 in file Programs\led_config.s
      At line 54 in file Programs\led_config.s
      At line 59 in file Programs\led_config.s
      At line 65 in file Programs\led_config.s
      At line 70 in file Programs\led_config.s
      At line 78 in file Programs\led_config.s
      At line 85 in file Programs\led_config.s
      At line 92 in file Programs\led_config.s
      At line 99 in file Programs\led_config.s

SYSCTL_PERIPH_GPIO 400FE108

Symbol: SYSCTL_PERIPH_GPIO
   Definitions
      At line 1 in file Programs\led_config.s
   Uses
      At line 33 in file Programs\led_config.s
Comment: SYSCTL_PERIPH_GPIO used once
7 symbols
349 symbols in table
