


ARM Macro Assembler    Page 1 


    1 00000000         ; Définition des constantes
    2 00000000 400FE108 
                       SYSCTL_PERIPH_GPIO
                               EQU              0x400FE108  ; Adresse du regist
                                                            re des ports ABCDEF
                                                            
    3 00000000         
    4 00000000 40007000 
                       GPIO_PORTD_BASE
                               EQU              0x40007000  ; GPIO Port D (APB)
                                                             base: 0x4000.7000 
                                                            (p416 datasheet de 
                                                            lm3s9B92.pdf)
    5 00000000         
    6 00000000 0000051C 
                       GPIO_O_DEN
                               EQU              0x0000051C  ; GPIO Digital Enab
                                                            le (p437 datasheet 
                                                            de lm3s9B92.pdf)
    7 00000000         
    8 00000000         ; Pul_up
    9 00000000 00000510 
                       GPIO_I_PUR
                               EQU              0x00000510  ; GPIO Pull-Up (p43
                                                            2 datasheet de lm3s
                                                            9B92.pdf)
   10 00000000         
   11 00000000 00000040 
                       BROCHE6 EQU              0x40        ; bouton poussoir 1
                                                            
   12 00000000         
   13 00000000                 AREA             |.text|, CODE, READONLY
   14 00000000                 ENTRY
   15 00000000         
   16 00000000                 EXPORT           SWITCH_INIT
   17 00000000                 EXPORT           SWITCH_1
   18 00000000         
   19 00000000         SWITCH_INIT
   20 00000000         ; Alimentation du port D
   21 00000000 4E0A            ldr              R6, = SYSCTL_PERIPH_GPIO 
                                                            ;; RCGC2
   22 00000002 6830            ldr              R0, [R6]
   23 00000004 F040 0008       ORR              R0, R0, #0x08 ; Active le port 
                                                            D dans le registre
   24 00000008 6030            str              R0, [R6]
   25 0000000A         
   26 0000000A BF00            nop                          ; Attend les 3 tick
                                                            s avant de pouvoir 
                                                            utiliser le port
   27 0000000C BF00            nop
   28 0000000E BF00            nop
   29 00000010         
   30 00000010         ; Activation des fonctions numérique
   31 00000010 4E07            ldr              R6, = GPIO_PORTD_BASE+GPIO_O_DE
N
   32 00000012 6830            ldr              R0, [R6]
   33 00000014 F040 0040       ORR              R0, R0, #BROCHE6
   34 00000018 6030            str              R0, [R6]
   35 0000001A         



ARM Macro Assembler    Page 2 


   36 0000001A 4E06            ldr              R6, = GPIO_PORTD_BASE+GPIO_I_PU
R 
                                                            ;; Pul_up 
   37 0000001C 6830            ldr              R0, [R6]
   38 0000001E F040 0040       ORR              R0, R0, #BROCHE6
   39 00000022 6030            str              R0, [R6]
   40 00000024         
   41 00000024 4770            BX               LR
   42 00000026         
   43 00000026         SWITCH_1
   44 00000026 4804            ldr              r0, = GPIO_PORTD_BASE + (BROCHE
6<<2) 
                                                            ;; Pul_up 
   45 00000028 6800            ldr              r0, [r0]
   46 0000002A 4770            BX               LR
   47 0000002C         
   48 0000002C                 END
              400FE108 
              4000751C 
              40007510 
              40007100 
Command Line: --debug --xref --diag_suppress=9931 --cpu=Cortex-M3 --apcs=interw
ork --depend=.\objects\switch_config.d -o.\objects\switch_config.o -I.\RTE\_Tar
get_1 -IC:\Users\loicd\AppData\Local\Arm\Packs\ARM\CMSIS\5.9.0\CMSIS\Core\Inclu
de -IC:\Users\loicd\AppData\Local\Arm\Packs\ARM\CMSIS\5.9.0\Device\ARM\ARMCM3\I
nclude --predefine="__MICROLIB SETA 1" --predefine="__UVISION_VERSION SETA 528"
 --predefine="_RTE_ SETA 1" --predefine="ARMCM3 SETA 1" --list=.\listings\switc
h_config.lst Programs\switch_config.s



ARM Macro Assembler    Page 1 Alphabetic symbol ordering
Relocatable symbols

.text 00000000

Symbol: .text
   Definitions
      At line 13 in file Programs\switch_config.s
   Uses
      None
Comment: .text unused
SWITCH_1 00000026

Symbol: SWITCH_1
   Definitions
      At line 43 in file Programs\switch_config.s
   Uses
      At line 17 in file Programs\switch_config.s
Comment: SWITCH_1 used once
SWITCH_INIT 00000000

Symbol: SWITCH_INIT
   Definitions
      At line 19 in file Programs\switch_config.s
   Uses
      At line 16 in file Programs\switch_config.s
Comment: SWITCH_INIT used once
3 symbols



ARM Macro Assembler    Page 1 Alphabetic symbol ordering
Absolute symbols

BROCHE6 00000040

Symbol: BROCHE6
   Definitions
      At line 11 in file Programs\switch_config.s
   Uses
      At line 33 in file Programs\switch_config.s
      At line 38 in file Programs\switch_config.s
      At line 44 in file Programs\switch_config.s

GPIO_I_PUR 00000510

Symbol: GPIO_I_PUR
   Definitions
      At line 9 in file Programs\switch_config.s
   Uses
      At line 36 in file Programs\switch_config.s
Comment: GPIO_I_PUR used once
GPIO_O_DEN 0000051C

Symbol: GPIO_O_DEN
   Definitions
      At line 6 in file Programs\switch_config.s
   Uses
      At line 31 in file Programs\switch_config.s
Comment: GPIO_O_DEN used once
GPIO_PORTD_BASE 40007000

Symbol: GPIO_PORTD_BASE
   Definitions
      At line 4 in file Programs\switch_config.s
   Uses
      At line 31 in file Programs\switch_config.s
      At line 36 in file Programs\switch_config.s
      At line 44 in file Programs\switch_config.s

SYSCTL_PERIPH_GPIO 400FE108

Symbol: SYSCTL_PERIPH_GPIO
   Definitions
      At line 2 in file Programs\switch_config.s
   Uses
      At line 21 in file Programs\switch_config.s
Comment: SYSCTL_PERIPH_GPIO used once
5 symbols
344 symbols in table
